<?xml version="1.0" encoding="utf-8"?><testsuites name="pytest tests"><testsuite name="pytest" errors="0" failures="0" skipped="0" tests="6" time="3.087" timestamp="2026-09-23T21:26:45.699310+00:00" hostname="agent-env-a4275629-36f2-497a-84b2-52de1bf53855"><testcase classname="tests.test_contact.TestContact" name="test_contact_success" time="1.411" /><testcase classname="tests.test_contact.TestContact" name="test_contact_success_minimum_fields" time="0.419" /><testcase classname="tests.test_contact.TestContact" name="test_contact_empty_name" time="0.198" /><testcase classname="tests.test_contact.TestContact" name="test_contact_invalid_email" time="0.202" /><testcase classname="tests.test_contact.TestContact" name="test_contact_missing_fields" time="0.127" /><testcase classname="tests.test_contact.TestContact" name="test_no_persistence_in_mongo" time="0.211" /></testsuite></testsuites>